[18:48:41] [ServerMain/INFO]: Building unoptimized datafixer
[18:48:42] [ServerMain/INFO]: Environment: authHost='https://authserver.mojang.com', accountsHost='https://api.mojang.com', sessionHost='https://sessionserver.mojang.com', servicesHost='https://api.minecraftservices.com', name='PROD'
[18:48:43] [ServerMain/INFO]: Loaded 7 recipes
[18:48:44] [Server thread/INFO]: Starting minecraft server version 1.19.3
[18:48:44] [Server thread/INFO]: Loading properties
[18:48:44] [Server thread/INFO]: This server is running Paper version git-Paper-381 (MC: 1.19.3) (Implementing API version 1.19.3-R0.1-SNAPSHOT) (Git: 42fecd0)
[18:48:44] [Server thread/INFO]: Server Ping Player Sample Count: 12
[18:48:44] [Server thread/INFO]: Using 4 threads for Netty based IO
[18:48:45] [Server thread/INFO]: [ChunkTaskScheduler] Chunk system is using 1 I/O threads, 3 worker threads, and gen parallelism of 3 threads
[18:48:45] [Server console handler/ERROR]: [TerminalConsole] Failed to read console input
java.io.IOException: Ýþleyici geçersiz
	at java.io.FileInputStream.readBytes(Native Method) ~[?:?]
	at java.io.FileInputStream.read(FileInputStream.java:276) ~[?:?]
	at java.io.BufferedInputStream.read1(BufferedInputStream.java:282) ~[?:?]
	at java.io.BufferedInputStream.read(BufferedInputStream.java:343) ~[?:?]
	at sun.nio.cs.StreamDecoder.readBytes(StreamDecoder.java:270) ~[?:?]
	at sun.nio.cs.StreamDecoder.implRead(StreamDecoder.java:313) ~[?:?]
	at sun.nio.cs.StreamDecoder.read(StreamDecoder.java:188) ~[?:?]
	at java.io.InputStreamReader.read(InputStreamReader.java:177) ~[?:?]
	at java.io.BufferedReader.fill(BufferedReader.java:162) ~[?:?]
	at java.io.BufferedReader.readLine(BufferedReader.java:329) ~[?:?]
	at java.io.BufferedReader.readLine(BufferedReader.java:396) ~[?:?]
	at net.minecrell.terminalconsole.SimpleTerminalConsole.readCommands(SimpleTerminalConsole.java:180) ~[terminalconsoleappender-1.3.0.jar:?]
	at net.minecrell.terminalconsole.SimpleTerminalConsole.start(SimpleTerminalConsole.java:143) ~[terminalconsoleappender-1.3.0.jar:?]
	at net.minecraft.server.dedicated.DedicatedServer$1.run(DedicatedServer.java:102) ~[paper-1.19.3.jar:git-Paper-381]
	Suppressed: java.io.IOException: Ýþleyici geçersiz
		at java.io.FileDescriptor.close0(Native Method) ~[?:?]
		at java.io.FileDescriptor.close(FileDescriptor.java:297) ~[?:?]
		at java.io.FileInputStream$1.close(FileInputStream.java:459) ~[?:?]
		at java.io.FileDescriptor.closeAll(FileDescriptor.java:355) ~[?:?]
		at java.io.FileInputStream.close(FileInputStream.java:457) ~[?:?]
		at java.io.BufferedInputStream.close(BufferedInputStream.java:481) ~[?:?]
		at sun.nio.cs.StreamDecoder.implClose(StreamDecoder.java:366) ~[?:?]
		at sun.nio.cs.StreamDecoder.close(StreamDecoder.java:204) ~[?:?]
		at java.io.InputStreamReader.close(InputStreamReader.java:192) ~[?:?]
		at java.io.BufferedReader.close(BufferedReader.java:525) ~[?:?]
		at net.minecrell.terminalconsole.SimpleTerminalConsole.readCommands(SimpleTerminalConsole.java:183) ~[terminalconsoleappender-1.3.0.jar:?]
		at net.minecrell.terminalconsole.SimpleTerminalConsole.start(SimpleTerminalConsole.java:143) ~[terminalconsoleappender-1.3.0.jar:?]
		at net.minecraft.server.dedicated.DedicatedServer$1.run(DedicatedServer.java:102) ~[paper-1.19.3.jar:git-Paper-381]
[18:48:45] [Server thread/INFO]: Default game type: SURVIVAL
[18:48:45] [Server thread/INFO]: Generating keypair
[18:48:45] [Server thread/INFO]: Starting Minecraft server on 45.155.125.20:26925
[18:48:45] [Server thread/INFO]: Using default channel type
[18:48:45] [Server thread/INFO]: Paper: Using Java compression from Velocity.
[18:48:45] [Server thread/INFO]: Paper: Using Java cipher from Velocity.
[18:48:45] [Server thread/WARN]: **** FAILED TO BIND TO PORT!
[18:48:45] [Server thread/WARN]: The exception was: java.net.BindException: Cannot assign requested address: bind
[18:48:45] [Server thread/WARN]: Perhaps a server is already running on that port?
[18:48:45] [Server thread/ERROR]: Encountered an unexpected exception
java.lang.IllegalStateException: Failed to initialize server
	at net.minecraft.server.MinecraftServer.runServer(MinecraftServer.java:1102) ~[paper-1.19.3.jar:git-Paper-381]
	at net.minecraft.server.MinecraftServer.lambda$spin$0(MinecraftServer.java:316) ~[paper-1.19.3.jar:git-Paper-381]
	at java.lang.Thread.run(Thread.java:833) ~[?:?]
[18:48:45] [Server thread/ERROR]: This crash report has been saved to: C:\Users\edizs\Documents\GitHub\sunucu\.\crash-reports\crash-2023-01-21_18.48.45-server.txt
[18:48:45] [Server thread/INFO]: Stopping server
[18:48:45] [Server thread/INFO]: Saving players
[18:48:45] [Server thread/INFO]: Saving worlds
[18:48:45] [Server thread/INFO]: ThreadedAnvilChunkStorage: All dimensions are saved
[18:48:45] [Server thread/INFO]: Flushing Chunk IO
[18:48:45] [Server thread/INFO]: Closing Thread Pool
[18:48:45] [Server thread/INFO]: Closing Server
