15:43 player2341: k
15:43 ClownPierce: l
15:43 ClownPierce: k
15:43 player2341 : is it works?
15:43 player2341 : try robbing
15:44 player2341 : plugin works
15:44 player2341 : but data not works
15:44 ClownPierce: cool
15:44 ClownPierce: rip
15:45 player2341 : wtf is worng with this file size
15:45 player2341 : Im still trying to unzip it
15:45 ClownPierce: idk-
15:46 player2341: try it
15:46 player2341: ...
15:47 player2341: yeah broken as hell
15:47 ClownPierce: yeah
15:48 player2341 : Im inviting my friend to this server
15:48 player2341 : hope he comes
15:48 ClownPierce: wanna have a fight
15:49 player2341 : what set do you have right now
15:49 ClownPierce: Like prot 4 unbreakable
15:49 player2341 : I had the lust unenchanted one
15:49 ClownPierce: oh
15:50 ClownPierce: gg
15:50 player2341 : nvm
15:51 player2341 : bro shulkering
15:51 ClownPierce: ?
15:52 player2341 : restart time
15:52 player2341 : ultra rapid
15:53 player2341: adam burda
15:53 player2341: ben bu btw
15:53 .ElmaAdam07: ok
15:54 player2341 : oku yazanları
15:54 .ElmaAdam07: nerde
15:55 player2341 : knk spawn komudu çalışmıyor
15:55 player2341 : kb
15:55 player2341 : herşeyi düzeltemedim
15:55 .ElmaAdam07: vs gel bot
15:55 player2341 : k
15:55 .ElmaAdam07: yağmuru dur dur pls
15:55 player2341 : yağmur yok btw bende
15:56 .ElmaAdam07: bende Var XD
15:56 player2341 : şuan?
15:56 .ElmaAdam07: var boşver
15:56 player2341 : gel lava bucket 1v1
15:56 .ElmaAdam07: ne yapayım şimdi
15:56 player2341 : vurcan lavla
15:56 .ElmaAdam07: ok
15:57 player2341 : bro benim kaçış
15:57 .ElmaAdam07: düştüm aq
15:57 player2341 : 1v1 gel
15:58 .ElmaAdam07: aq
15:58 player2341 : aga
15:58 .ElmaAdam07: mobil zor
15:59 player2341 : altınla alabiliyon
15:59 player2341 : spawnda
15:59 .ElmaAdam07: yat assa
15:59 player2341 : ölmedim
16:00 player2341 : aga
16:00 .ElmaAdam07: kolaysin
16:01 player2341 : u köylülerle konuş bi
16:01 player2341 : bu köylülerle
16:01 player2341 : bide etraftaki sandıklardan altın çıkıyo
16:01 .ElmaAdam07: anladım
16:01 player2341 : kazmalarla maden yapabiliyon
16:02 .ElmaAdam07: kazmam yok sjsjsj
16:02 player2341 : ...
16:03 player2341 : bro adam olsa
16:03 .ElmaAdam07: knk kasiyo XD
16:03 player2341 : bbruh
16:04 player2341 : adam olsa oynucak diyom
16:04 .ElmaAdam07: biz adam diyilmiyiz
16:04 player2341 : bizle girecek adam
16:04 .ElmaAdam07: anladım
16:04 .ElmaAdam07: hayatta kalma oynarmiyiz
16:06 .ElmaAdam07: sunucu hep açıkmi?
16:06 .ElmaAdam07: kasilicam
16:06 player2341 : girince açılıyor
16:07 player2341 : bro kasılış
16:07 player2341 : arkadaş bulup burda oynayabilirsin bu arada
16:07 player2341 : pc de destekliyo bura
16:07 .ElmaAdam07: mc oynayan ark yokki
16:10 .ElmaAdam07: knk
16:10 .ElmaAdam07: odun nasıl kasılıyor
16:11 .ElmaAdam07: balta aldım
16:11 player2341 : odun yok knk direk altınla alıyon herşeyi
16:12 .ElmaAdam07: o zaman nasıl kasılıyor
16:13 player2341 : altınla
16:13 player2341 : ...
16:13 .ElmaAdam07: altın nerden
16:13 .ElmaAdam07: bulunuyor
16:13 player2341 : sandıklardan
16:13 player2341 : etraftaki
16:13 player2341 : geri çıkıyolar alındıktan sonra
16:13 .ElmaAdam07: taam
16:18 .ElmaAdam07: 14 altın kastım
16:18 player2341 : respect
16:20 .ElmaAdam07: knk yağmur yüzünden kasıyor btw
16:21 player2341 : knk bizde yağmur yok
16:21 .ElmaAdam07: foto atayım?
16:21 player2341 : knk sen bedrocktan giriyon oyüzdende
16:21 .ElmaAdam07: ok
16:22 .ElmaAdam07: hu kuyluye basınca şarkı açılıyor aga XD
16:22 .ElmaAdam07: knk nether kazmam var
16:22 player2341 : bro o kazma o işe yaramıyor
16:23 player2341 : açıklamasında yazanları kırbiliyor sadece
16:23 .ElmaAdam07: shulker 
16:23 player2341 : buralarda shulker açabiliyon varsa
16:24 player2341 : 1 sn
16:24 .ElmaAdam07: ping gird
16:24 player2341 : sandık açmaya çalış kağıtla
16:24 player2341 : eline al attğım kağıdı
16:25 .ElmaAdam07: kilitli diyo
16:25 player2341 : şu şu
16:26 .ElmaAdam07: aldım
16:26 .ElmaAdam07: ne işe yarar?
16:31 .ElmaAdam07: sa
16:32 player2341 : vur vur
16:32 player2341 : benim takılış7
16:33 .ElmaAdam07: nereye gitdin aga 2 saniyede
16:35 .ElmaAdam07: bu kadar zombi fazla diyilmi XD
16:37 .ElmaAdam07: boss ne
16:37 player2341 : ortalarda geziyo öyle
16:37 player2341 : öldü mi lan
16:38 .ElmaAdam07: öldürdüm
16:38 player2341 : aşağı atış?
16:38 .ElmaAdam07: şaka görmedim bile
16:40 .ElmaAdam07: knk düşmek istemiyorum 
16:40 .ElmaAdam07: 2 saat dir uğraşıyorum
16:41 player2341 : adam haklı ama yukarda bişey olmadığını öğrenince sıfad
16:41 .ElmaAdam07: düştüm aga 
16:43 player2341 : bro ben kaçış
16:43 .ElmaAdam07: aga 
16:43 .ElmaAdam07: bb ben oynuyom
16:43 player2341 : ben çıkıyom bro
16:43 player2341 : taam bye
20:25 .GgorkemYilmaz52: mbappe porno
20:46 .GgorkemYilmaz52: benim kilici ver
20:46 .GgorkemYilmaz52: benim kilici ver
