16:53 _Nuuba_   : :D
16:55 MetoHarbi : /msg laykTR glikoz da reach var 
16:55 MetoHarbi : /msg laykTR glikoz da reach var 
16:55 MetoHarbi : /msg laykTR glikoz da reach var 
16:55 MetoHarbi : /msg laykTR glikoz da reach var 
16:55 MetoHarbi : /msg laykTR glikoz da reach var 
16:55 MetoHarbi : /msg laykTR glikoz da reach var 
16:55 MetoHarbi : /msg laykTR glikoz da reach var 
16:55 MetoHarbi : /msg laykTR glikoz da reach var 
16:55 MetoHarbi : /msg laykTR glikoz da reach var 
16:55 MetoHarbi : /msg laykTR glikoz da reach var 
16:55 MetoHarbi : /msg laykTR glikoz da reach var 
16:55 MetoHarbi : /msg laykTR glikoz da reach var 
16:55 MetoHarbi : /msg BOZ_AYI glikozda reach var 
16:55 MetoHarbi : /msg BOZ_AYI glikozda reach var 
16:55 MetoHarbi : /msg BOZ_AYI glikozda reach var 
16:55 MetoHarbi : /msg BOZ_AYI glikozda reach var 
16:57 Baba      : bana gel
16:57 MetoHarbi : /msg BOZ_AYI glikozu izlesene 
16:57 MetoHarbi : /msg BOZ_AYI bendemi lag var ondan kaynaklımı ne 
16:57 MetoHarbi : /msg BOZ_AYI glikozu izlesene 
16:57 MetoHarbi : /msg BOZ_AYI izle sen bi 
17:01 _Nuuba_   : harbiden
17:02 MetoHarbi : bana
17:02 _Nuuba_   : çok uzaktan vuruyo bu steve
17:03 _Nuuba_   : hile adam
17:03 _Nuuba_   : bi kaç blok uzaktan vuruyo
17:08 _Nuuba_   : yarım can ewqe
17:15 _Nuuba_   : burdayım
17:15 _Nuuba_   : evt
17:22 MetoHarbi : .GgorkemYilmaz52 siktir lan burdsan
17:22 9078      : bu adam bizim sulalemizi siker
17:22 MetoHarbi : siktir git gelme
17:22 MetoHarbi : gelme git
17:22 9078      : git buradan
17:22 MetoHarbi : gelme lan
17:22 MetoHarbi : hoşt
17:22 MetoHarbi : İBLİİİSS
17:23 BOZ_AYI   : ./spawn
17:24 9078      : amn
17:24 9078      : oha
17:24 9078      : amk
17:25 9078      : tasaklarina
17:25 9078      : beton yetmez
17:25 9078      : abi
17:25 9078      : ben
17:25 9078      : chesti
17:26 9078      : kırdım
17:26 9078      : yanlışlıkla
17:29 9078      : şaka
17:29 9078      : yaptım
17:31 9078      : am
17:31 9078      : *aman
17:31 _Nuuba_   : benim kaç var kill
17:36 _Nuuba_   : :D
17:36 _Nuuba_   : nerde beleş oraya yerleş :D
17:36 9078      : shulkerda
17:36 9078      : akılı
17:36 9078      : kaldım
17:37 9078      : nasıl çıkıcam
17:37 9078      : yardım edin
17:37 9078      : hocam
17:37 9078      : kaldım
17:37 9078      : burada
17:37 BOZ_AYI   : ./spawn
17:37 BOZ_AYI   : 9078
17:37 BOZ_AYI   : ./spawn yaz
17:37 sarper58  : naber
17:38 9078      : oldu
17:38 _Nuuba_   : :D
17:39 9078      : oorrr
17:39 _Nuuba_   : ewqeq
17:39 9078      : komik oc
17:41 9078      : tnt kapalı mı
17:42 9078      : amk
17:42 9078      : bak
17:42 9078      : cheste
17:50 BOZ_AYI   : orda bişey yok
17:51 sarper58  : köy ne işe yarıyo
17:51 sarper58  : ev yapabiliyor muyum
17:53 9078      : amın
17:53 9078      : 25 tane YARRAK var elimde
17:55 9078      : amk
17:55 9078      : yol gitmiş
17:55 9078      : ben iki saattir
17:55 9078      : gelmeye
17:55 9078      : çalışıyorum
17:55 9078      : amk
17:55 glukoz    : abi
17:57 9078      : bu endermanler neden salak amk
17:58 BOZ_AYI   : _Nuuba_
17:58 BOZ_AYI   : bi bak
17:58 BOZ_AYI   : bi bak
17:59 BOZ_AYI   : oku
17:59 _Nuuba_   : ehehe
17:59 9078      : AAAA
18:02 _Nuuba_   : :D
18:03 9078      : K)OMİKMİ
18:03 9078      : OR
18:07 9078      : witheri yarrak keseriz
18:07 9078      : gorkem
18:07 9078      : kes witheri
18:09 BOZ_AYI   : Dildozer Prime İçin Yan Odanın kilidini açın
18:11 glukoz    : ok
18:12 Baba      : ĞHAAAAAAAAAAWWWWWWWWWW
18:17 sarper58  : sa
18:19 sarper58  : KJSAKNŞGJHPOUASJNGAS
18:20 Baba      : la withera yardım edin bi
18:21 sarper58  : oısajşigıoşıhlasg
18:23 sarper58  : naber nuba
18:23 sarper58  : ASMGNJLASGSGA
18:26 _Nuuba_   : sesdeyim ben tolga
18:29 .GgorkemYilmaz52: /msg BOZ_AYI bana knockback 255 yapsana bitane cubuk 
18:41 _Nuuba_         : 64 altın blok oldu
18:42 BOZ_AYI         : hemen yeniden başlatıyom
18:42 BOZ_AYI         : geri girin
18:42 BOZ_AYI         : reisler
18:42 BOZ_AYI         : hile koruması deneyecem
19:10 Efe323310 : sağol
19:10 Efe323310 : knk bu.. uyuşturucu mu var lan oyunda
19:12 Efe323310 : olum bu kafa yapıoo amınaa
19:15 Efe323310 : bişeyim aq
19:15 Efe323310 : yok
19:20 Efe323310 : 85
19:23 Efe323310 : puşşşşş
19:28 Efe323310 : ben bira iççem,
19:28 glukoz    : tabii
19:28 glukoz    : knk
19:28 Efe323310 : gelsene bi
19:28 Efe323310 : bira verim
19:28 glukoz    : survivor
19:28 Efe323310 : bira,
19:28 glukoz    : anladım
19:28 Efe323310 : İÇ
19:30 Efe323310 : ahhhh
19:35 Efe323310 : burda kerem aydoğdu var aq
19:35 Efe323310 : gel
19:36 Efe323310 : dur
19:36 Efe323310 : yok
19:36 Efe323310 : tp le beni
19:37 Efe323310 : gel
19:38 Efe323310 : lan
19:38 Efe323310 : kerem aydoğdunun yanına gitçem sal
19:39 Efe323310 : t
19:40 Efe323310 : ben burda kaldım
19:40 Efe323310 : rengarenk bir yer
19:41 Efe323310 : bende gelcem
19:41 Efe323310 : nere
20:45 laykTR    : sa
21:00 .GgorkemYilmaz52: zencigot yedim
21:04 .GgorkemYilmaz52: sus amk
21:06 .GgorkemYilmaz52: ulan hayaaat
21:42 glukoz          : gorkem abi
21:42 glukoz          : zombi hız kapa
21:42 glukoz          : kasılamıyo
21:54 efesrat         : ben çıkıyorum
22:24 Redex_555       : Hello
22:24 .GgorkemYilmaz52: sup
22:24 laykTR          : hg
22:32 .GgorkemYilmaz52: bro
22:32 Redex_555       : ?
22:34 Redex_555       : EHEM
22:34 Redex_555       : WHy ?
22:36 Redex_555       : /msg .GgorkemYilmaz52 Aga sen sorgu sualsiz ne banlıyon ? 
22:37 Redex_555       : /msg .GgorkemYilmaz52 Ayıp değilmi 
22:37 .GgorkemYilmaz52: kusura bakma 
22:37 .GgorkemYilmaz52: bi tık suphelendim
22:37 Redex_555       : Tmm onu anladım da
22:37 Redex_555       : Bi sorgula
22:37 Redex_555       : Ayıp yani
22:39 .GgorkemYilmaz52: ilk basta hello yazdin ya
22:39 .GgorkemYilmaz52: yabanci hacker fln sandim
22:39 Redex_555       : Lan ne ilem herkes türk
22:39 Redex_555       : *ne bilem
22:39 .GgorkemYilmaz52: dogru
22:40 .GgorkemYilmaz52: ama isim de sus geldi
22:40 .GgorkemYilmaz52: kb
22:40 Redex_555       : ayrıca yanda en çok wither killi alan benim onadamı bakmadın ??
22:40 .GgorkemYilmaz52: ben mbilden giriom o yuzden 
22:40 .GgorkemYilmaz52: bakamadim
22:40 Redex_555       : He
22:41 laykTR          : sa knk
22:47 Redex_555       : /msg .GgorkemYilmaz52 Sana naptığımı gösteriyim istersen 
22:49 Redex_555       :  placed a sign @ world: x-439, z78
  TEst
22:52 Redex_555       : Bune lan
22:52 .GgorkemYilmaz52: afkydim
22:52 .GgorkemYilmaz52: daha yeni gledim
22:52 glukoz          : ?
22:52 Redex_555       : o çiçek ne ?
22:53 glukoz          : çiçek
22:53 glukoz          : değil
22:53 Redex_555       : ne o zaman ?
22:53 glukoz          : kılıç
22:53 Redex_555       : adı ?
22:53 glukoz          : nethır kılıç abi
22:53 Redex_555       : az önce elinde çiçek vardı
22:54 glukoz          : yoktu
22:55 laykTR          : knk saniye dc gelsene
22:55 laykTR          : knk
22:55 glukoz          : abi skinnin güzelmiş
22:56 Redex_555       : gelemiyorum
22:56 Redex_555       : ve saol
22:56 laykTR          : knk
22:56 laykTR          : knk saniye dc gelsene
22:56 laykTR          : pardon
22:56 laykTR          : yanlış yazdın
22:56 laykTR          : m
22:59 Redex_555       : /msg laykTR biraz sıkıntıdasın gibi 
23:02 .GgorkemYilmaz52: nodlu
23:02 .GgorkemYilmaz52: noldu
23:02 Redex_555       : Kayboldum
23:02 Redex_555       : XD
23:02 .GgorkemYilmaz52: shh
23:02 .GgorkemYilmaz52: shshshshs
23:10 .GgorkemYilmaz52: redex sen ne yapion
23:13 .GgorkemYilmaz52: ne bu
23:14 .GgorkemYilmaz52: bi tık illegal gibi
23:14 .GgorkemYilmaz52: hatta direk illegal
23:14 Redex_555       : Hee
23:14 .GgorkemYilmaz52: nerden buldun
23:14 Redex_555       : Kendim yaptım iznim var
23:14 .GgorkemYilmaz52: hee oyle
23:15 Redex_555       : Hee öyle
23:15 .GgorkemYilmaz52: ama biz ayi banlar
23:16 Redex_555       : /msg .GgorkemYilmaz52 umarım arkadaşına bunu vermedin 
23:16 .GgorkemYilmaz52: yok
23:16 .GgorkemYilmaz52: b3n afkyfim
23:16 .GgorkemYilmaz52: afkydim
23:16 Redex_555       : tmm
