14:10 .ElmaAdam07: düşüyorum
14:10 .ElmaAdam07: geldi
14:10 .ElmaAdam07: ping var bende ondan
14:11 .ElmaAdam07: nereye geldim ben 
14:11 .ElmaAdam07: arenada
14:12 .ElmaAdam07: burası çok iyi
14:13 .ElmaAdam07: bana tp at efe bi vs atak
14:13 BOZ_AYI    : ediz ben
14:13 BOZ_AYI    : neyse
14:13 .ElmaAdam07: XD
14:13 .ElmaAdam07: sory onuttum
14:14 .ElmaAdam07: ez
14:15 .ElmaAdam07: nerdesin la
14:15 .ElmaAdam07: pvp yerine gel
14:15 .ElmaAdam07: renkli yerde
14:16 .ElmaAdam07: oldunmu knk nerdesin
14:16 .ElmaAdam07: öldün mü?
14:17 .ElmaAdam07: lan pantolonda bağlanma laneti varmış 
14:18 .ElmaAdam07: bilmiyorum
14:18 .ElmaAdam07: var var
14:21 .ElmaAdam07: sağ taraftaki yazılar ben çok büyük aga
14:21 .ElmaAdam07: biliyorum
14:21 .ElmaAdam07: np
14:24 .ElmaAdam07: renkli yeri görünce block party geliyo aklıma
14:26 .ElmaAdam07: beni kendine tp le
14:30 .ElmaAdam07: ok vs?
14:31 .ElmaAdam07: yukarıda
14:31 .ElmaAdam07: düştüm
14:31 .ElmaAdam07: brus
14:33 .ElmaAdam07: tp me
14:34 .ElmaAdam07: tp me
14:35 .ElmaAdam07: knk
14:35 .ElmaAdam07: tp at bana
14:35 BOZ_AYI    : he
14:35 BOZ_AYI    : ok
14:36 .ElmaAdam07: banada ver
14:36 .ElmaAdam07: 1 v 1
14:37 .ElmaAdam07: eZ
14:37 BOZ_AYI    : o sırada dar pantolon
14:38 BOZ_AYI    : ez
14:40 .ElmaAdam07: nerdesin
14:41 .ElmaAdam07: jiro olsaydı almıştım seni
14:41 .ElmaAdam07: oyy
14:41 .ElmaAdam07: full ez
14:42 BOZ_AYI    : bro random yayıncıları 1v1 çağırimmi
14:42 BOZ_AYI    : canım sıkıldı
14:42 .ElmaAdam07: çağır
14:42 BOZ_AYI    : bak ismim normal
14:42 BOZ_AYI    : normal bir adam gibi
14:43 .ElmaAdam07: knk sen beni alamiyorsun onlarimi alıcaksın XD
14:44 .ElmaAdam07: ironi
14:44 .ElmaAdam07: biliyorum
14:49 .ElmaAdam07: pvp pack yüklersem sıkıntı olurmu?
14:51 .ElmaAdam07: knk bune
14:51 .ElmaAdam07: acil bak
14:51 .ElmaAdam07: orda bir şey var
14:56 .ElmaAdam07: burdan nasıl çıkıyoruz
14:59 BOZ_AYI   : ./spawn
14:59 .ElmaAdam07: spawn yazdım
15:04 .ElmaAdam07: geliyom 5 dk
15:06 .ElmaAdam07: pvp gel ayı
15:06 .ElmaAdam07: knk
15:06 .ElmaAdam07: sunucuya block party yapa bilirmisin ?
15:07 .ElmaAdam07: ikimiz yapalım mı?
15:10 .ElmaAdam07: olmedim
15:11 .ElmaAdam07: wait
15:11 keremAydogdu: ?
15:11 .ElmaAdam07 : yay vs
15:11 keremAydogdu: yay yok
15:12 keremAydogdu: hazırmısın?
15:12 keremAydogdu: ez
15:13 BOZ_AYI     : ...
15:14 .ElmaAdam07 : eşit diyiliz
15:14 .ElmaAdam07 : olsak
15:14 keremAydogdu: yine alırım
15:15 .ElmaAdam07 : anlamazsın
15:15 .ElmaAdam07 : telfin n1 XD
15:15 .ElmaAdam07 : *tel
15:15 .ElmaAdam07 : aga sana vuruyom kendim hasar alıyorum
15:16 keremAydogdu: skill issue krdsm
15:16 .ElmaAdam07 : kapa gel 
15:16 .ElmaAdam07 : 1 v 1
15:18 .ElmaAdam07 : yep
15:18 .ElmaAdam07 : bidaha vur
15:18 .ElmaAdam07 : yoo yemiyorum
15:18 .ElmaAdam07 : no hasar
15:18 .ElmaAdam07 : hasar vermiyorsun
15:19 .ElmaAdam07 : ben kasilicam
15:20 .ElmaAdam07 : la portal açık kalmış
15:20 .ElmaAdam07 : end e geldim
15:21 .ElmaAdam07 : end i neden kazamiyoruz
15:22 .ElmaAdam07 : ben neden spawn yapamıyorum
15:23 BOZ_AYI     : ./spawn
15:23 .ElmaAdam07 : olmuyor
15:23 .ElmaAdam07 : ok oldu
15:23 .ElmaAdam07 : napiyim bunla
15:23 .ElmaAdam07 : yep
15:23 .ElmaAdam07 : aahahuahahahahaha
15:25 .ElmaAdam07 : ilk kez yaptım
15:25 .ElmaAdam07 : knk yemek ver
15:26 .ElmaAdam07 : her şeyim
15:27 .ElmaAdam07 : enderman kesti beni
15:27 .ElmaAdam07 : ling var bide
15:28 .ElmaAdam07 : aga burda kaldım
15:28 .ElmaAdam07 : evt
15:31 .ElmaAdam07 : yemek
15:31 .ElmaAdam07 : açım
15:57 .ElmaAdam07 : sa
15:57 BOZ_AYI     : as
15:57 .ElmaAdam07 : oyun gitti
15:57 BOZ_AYI     : ne
15:58 .ElmaAdam07 : can barı falan yok oldu
15:58 .ElmaAdam07 : çık gir yapicam
15:58 BOZ_AYI     : j
15:58 BOZ_AYI     : k
15:58 .ElmaAdam07 : geldi
16:02 .ElmaAdam07 : eklenti nasıl basılıyor
16:05 BOZ_AYI     : elma adam sana vs atmalık biri geliyor
16:05 BOZ_AYI     : mc indiriyo reis
16:05 BOZ_AYI     : tek kalmıcan artık
16:11 .ElmaAdam07 : knk bu aq zombilerin kaç canı var?
16:11 BOZ_AYI     : xd
16:11 BOZ_AYI     : demir kılıç xxd
16:13 .ElmaAdam07 : büyü şişesi ne işe yarıyor
16:13 BOZ_AYI     : kırınca xp veriyor
16:14 BOZ_AYI     : bi tpliyom bi sn
16:15 .ElmaAdam07 : ok
16:15 BOZ_AYI     : nası manzara
16:15 BOZ_AYI     : ping mi?
16:15 .ElmaAdam07 : yep
16:15 .ElmaAdam07 : hem kasıyor
16:16 .ElmaAdam07 : kk büyü kitabı nasıl alınıyor?
19:53 BOZ_AYI   : 8 71 8
21:53 .ElmaAdam07: girdim
21:57 .ElmaAdam07: saat 1-2 de 100 oluyor ping o zaman alırım sizi
21:59 .ElmaAdam07: tp atın hi bana
22:00 .ElmaAdam07: bana bir tp atın
